  sqlDatabase.cpp
  sqlDatabase.vcxproj -> Z:\dev\kmud-live\reqs\sqlDatabase\Release\sqlDatabase.lib

Project Performance Summary:
     1358 ms  Z:\dev\kmud-live\reqs\sqlDatabase\sqlDatabase.vcxproj   1 calls
               1358 ms  rebuild                                    1 calls

Target Performance Summary:
        0 ms  SelectClCompile                            1 calls
        0 ms  ResolveReferences                          1 calls
        0 ms  _CheckForCompileOutputs                    1 calls
        0 ms  AfterResourceCompile                       1 calls
        0 ms  Rebuild                                    1 calls
        0 ms  CoreClean                                  1 calls
        0 ms  ResolvedXDCMake                            1 calls
        0 ms  Clean                                      1 calls
        0 ms  MakeDirsForCl                              1 calls
        0 ms  AfterClCompile                             1 calls
        0 ms  ComputeRCGeneratedLibInputs                1 calls
        0 ms  CleanReferencedProjects                    1 calls
        0 ms  _Manifest                                  1 calls
        0 ms  AfterCppClean                              1 calls
        0 ms  AfterBuild                                 1 calls
        0 ms  BeforeResourceCompile                      1 calls
        0 ms  AfterBuildCompileEvent                     1 calls
        0 ms  PostBuildEvent                             1 calls
        0 ms  _Midl                                      1 calls
        0 ms  _PrepareForBuild                           1 calls
        0 ms  SelectCustomBuild                          1 calls
        0 ms  GetReferenceAssemblyPaths                  1 calls
        0 ms  _ClCompile                                 1 calls
        0 ms  PGInstrumentedClean                        1 calls
        0 ms  ComputeCLCompileGeneratedXDCFiles          1 calls
        0 ms  _Xsd                                       1 calls
        0 ms  ComputeLibInputsFromProject                1 calls
        0 ms  ComputeCustomBuildOutput                   1 calls
        0 ms  _PrepareForClean                           1 calls
        0 ms  AfterLib                                   1 calls
        0 ms  ComputeMIDLGeneratedCompileInputs          1 calls
        0 ms  ComputeCLInputPDBName                      1 calls
        0 ms  GetFrameworkPaths                          1 calls
        0 ms  ComputeCLGeneratedLibInputs                1 calls
        0 ms  CreateSatelliteAssemblies                  1 calls
        0 ms  _GenerateXMLData                           1 calls
        0 ms  BuildLinkTraverse                          1 calls
        0 ms  DoLibOutputFilesMatch                      1 calls
        0 ms  AfterClean                                 1 calls
        0 ms  CleanPublishFolder                         1 calls
        0 ms  BeforeCppClean                             1 calls
        0 ms  BeforeRebuild                              1 calls
        0 ms  BeforeLib                                  1 calls
        0 ms  ComputeCLCompileGeneratedSbrFiles          1 calls
        0 ms  _SelectedFiles                             1 calls
        0 ms  _ResourceCompile                           1 calls
        0 ms  _Lib                                       1 calls
        0 ms  AfterBuildGenerateSources                  1 calls
        0 ms  MakeDirsForMidl                            1 calls
        0 ms  _Appverifier                               1 calls
        0 ms  Build                                      1 calls
        0 ms  AfterRebuild                               1 calls
        0 ms  PreBuildEvent                              1 calls
        0 ms  ComputeLibAdditionalOptions                1 calls
        0 ms  BeforeClCompile                            1 calls
        0 ms  AfterResolveReferences                     1 calls
        0 ms  ComputeReferenceCLInput                    1 calls
        0 ms  BeforeResolveReferences                    1 calls
        0 ms  _SplitProjectReferencesByFileExistence     1 calls
        0 ms  ResolveProjectReferences                   1 calls
        0 ms  BuildGenerateSourcesTraverse               1 calls
        0 ms  InitializeBuildStatus                      1 calls
        0 ms  AssignTargetPaths                          1 calls
        0 ms  BuildCompile                               1 calls
        0 ms  BuildCompileTraverse                       1 calls
        0 ms  _Deploy                                    1 calls
        0 ms  _ALink                                     1 calls
        0 ms  MakeDirsForBscMake                         1 calls
        0 ms  _BscMake                                   1 calls
        0 ms  BeforeBuildGenerateSources                 1 calls
        0 ms  MakeDirsForLib                             1 calls
        0 ms  PlatformPrepareForBuild                    1 calls
        0 ms  BuildLink                                  1 calls
        0 ms  MakeDirsForXdcMake                         1 calls
        0 ms  PrepareForBuild                            1 calls
        0 ms  _DetermineManagedStateFromCL               1 calls
        0 ms  AfterMidl                                  1 calls
        0 ms  BeforeClean                                1 calls
        0 ms  _XdcMake                                   1 calls
        0 ms  CppClean                                   1 calls
        0 ms  ComputeRCOutputs                           1 calls
        0 ms  BuildGenerateSources                       1 calls
        0 ms  _GenerateWebServiceProxy                   1 calls
        0 ms  PreLinkEvent                               1 calls
        0 ms  _PrepareForRebuild                         1 calls
        0 ms  _CopySourceItemsToOutputDirectory          1 calls
        0 ms  CopyFilesToOutputDirectory                 1 calls
        0 ms  AfterBuildGenerateSourcesEvent             1 calls
        1 ms  MakeDirsForResourceCompile                 1 calls
        1 ms  _GenerateSatelliteAssemblyInputs           1 calls
        1 ms  GetCopyToOutputDirectoryItems              1 calls
        1 ms  RegisterOutput                             1 calls
        1 ms  ComputeCLOutputs                           1 calls
        1 ms  FinalizeBuildStatus                        1 calls
       10 ms  _CheckForInvalidConfigurationAndPlatform   1 calls
       10 ms  CoreCppClean                               1 calls
       10 ms  SetBuildDefaultEnvironmentVariables        1 calls
      182 ms  Lib                                        1 calls
     1139 ms  ClCompile                                  1 calls

Task Performance Summary:
        0 ms  ReadLinesFromFile                          2 calls
        0 ms  WriteLinesToFile                           3 calls
        0 ms  Touch                                      2 calls
        0 ms  AssignTargetPath                           5 calls
        0 ms  MakeDir                                   11 calls
        0 ms  RemoveDuplicates                           1 calls
        0 ms  FindUnderPath                              2 calls
        1 ms  Message                                    3 calls
        1 ms  Delete                                     6 calls
       10 ms  CppClean                                   1 calls
       10 ms  SetEnv                                     4 calls
      180 ms  LIB                                        1 calls
     1139 ms  CL                                         1 calls
